<?xml version="1.0" encoding="UTF-8"?>
<coverage generated="1687911547147" clover="3.2.0">
  <project timestamp="1687911547147" name="All files">
    <metrics statements="54" coveredstatements="51" conditionals="24" coveredconditionals="21" methods="18" coveredmethods="17" elements="96" coveredelements="89" complexity="0" loc="54" ncloc="54" packages="3" files="6" classes="6"/>
    <package name="component">
      <metrics statements="2" coveredstatements="2" conditionals="0" coveredconditionals="0" methods="1" coveredmethods="1"/>
      <file name="Loader.tsx" path="/Users/jasoncabral/Desktop/tasked-cognith/src/component/Loader.tsx">
        <metrics statements="2" coveredstatements="2" conditionals="0" coveredconditionals="0" methods="1" coveredmethods="1"/>
        <line num="9" count="7" type="stmt"/>
        <line num="28" count="2" type="stmt"/>
      </file>
    </package>
    <package name="screens.AsteroidDetails">
      <metrics statements="32" coveredstatements="31" conditionals="18" coveredconditionals="15" methods="10" coveredmethods="10"/>
      <file name="AsteroidContent.tsx" path="/Users/jasoncabral/Desktop/tasked-cognith/src/screens/AsteroidDetails/AsteroidContent.tsx">
        <metrics statements="7" coveredstatements="7" conditionals="6" coveredconditionals="6" methods="4" coveredmethods="4"/>
        <line num="14" count="167" type="stmt"/>
        <line num="32" count="3" type="stmt"/>
        <line num="34" count="3" type="cond" truecount="2" falsecount="0"/>
        <line num="35" count="2" type="stmt"/>
        <line num="37" count="1" type="stmt"/>
        <line num="52" count="2" type="stmt"/>
        <line num="53" count="2" type="stmt"/>
      </file>
      <file name="EstimatedDiameter.tsx" path="/Users/jasoncabral/Desktop/tasked-cognith/src/screens/AsteroidDetails/EstimatedDiameter.tsx">
        <metrics statements="1" coveredstatements="1" conditionals="0" coveredconditionals="0" methods="1" coveredmethods="1"/>
        <line num="10" count="4" type="stmt"/>
      </file>
      <file name="OrbitalData.tsx" path="/Users/jasoncabral/Desktop/tasked-cognith/src/screens/AsteroidDetails/OrbitalData.tsx">
        <metrics statements="1" coveredstatements="1" conditionals="0" coveredconditionals="0" methods="1" coveredmethods="1"/>
        <line num="10" count="4" type="stmt"/>
      </file>
      <file name="index.tsx" path="/Users/jasoncabral/Desktop/tasked-cognith/src/screens/AsteroidDetails/index.tsx">
        <metrics statements="23" coveredstatements="22" conditionals="12" coveredconditionals="9" methods="4" coveredmethods="4"/>
        <line num="23" count="1" type="stmt"/>
        <line num="24" count="1" type="stmt"/>
        <line num="25" count="15" type="cond" truecount="1" falsecount="1"/>
        <line num="26" count="15" type="stmt"/>
        <line num="27" count="15" type="stmt"/>
        <line num="28" count="15" type="stmt"/>
        <line num="29" count="15" type="stmt"/>
        <line num="31" count="15" type="stmt"/>
        <line num="32" count="4" type="stmt"/>
        <line num="34" count="4" type="stmt"/>
        <line num="35" count="4" type="stmt"/>
        <line num="36" count="4" type="stmt"/>
        <line num="37" count="4" type="stmt"/>
        <line num="38" count="4" type="cond" truecount="2" falsecount="0"/>
        <line num="39" count="3" type="stmt"/>
        <line num="42" count="0" type="stmt"/>
        <line num="46" count="15" type="stmt"/>
        <line num="47" count="1" type="stmt"/>
        <line num="49" count="15" type="stmt"/>
        <line num="50" count="4" type="stmt"/>
        <line num="53" count="15" type="cond" truecount="2" falsecount="0"/>
        <line num="54" count="4" type="stmt"/>
        <line num="56" count="11" type="cond" truecount="2" falsecount="0"/>
      </file>
    </package>
    <package name="screens.FormInput">
      <metrics statements="20" coveredstatements="18" conditionals="6" coveredconditionals="6" methods="7" coveredmethods="6"/>
      <file name="index.tsx" path="/Users/jasoncabral/Desktop/tasked-cognith/src/screens/FormInput/index.tsx">
        <metrics statements="20" coveredstatements="18" conditionals="6" coveredconditionals="6" methods="7" coveredmethods="6"/>
        <line num="13" count="1" type="stmt"/>
        <line num="14" count="10" type="stmt"/>
        <line num="15" count="10" type="stmt"/>
        <line num="17" count="10" type="stmt"/>
        <line num="24" count="10" type="stmt"/>
        <line num="32" count="10" type="stmt"/>
        <line num="33" count="1" type="stmt"/>
        <line num="37" count="10" type="stmt"/>
        <line num="38" count="1" type="stmt"/>
        <line num="39" count="20" type="stmt"/>
        <line num="43" count="1" type="stmt"/>
        <line num="46" count="1" type="stmt"/>
        <line num="49" count="1" type="stmt"/>
        <line num="54" count="10" type="stmt"/>
        <line num="69" count="13" type="stmt"/>
        <line num="82" count="0" type="stmt"/>
        <line num="83" count="0" type="stmt"/>
        <line num="86" count="1" type="stmt"/>
        <line num="87" count="1" type="stmt"/>
        <line num="135" count="1" type="stmt"/>
      </file>
    </package>
  </project>
</coverage>
