{"/Users/jasoncabral/Desktop/tasked-cognith/src/component/Loader.tsx": {"path":"/Users/jasoncabral/Desktop/tasked-cognith/src/component/Loader.tsx","statementMap":{"0":{"start":{"line":9,"column":4},"end":{"line":22,"column":6}},"1":{"start":{"line":28,"column":15},"end":{"line":39,"column":2}}},"fnMap":{"0":{"name":"(anonymous_0)","decl":{"start":{"line":8,"column":2},"end":{"line":8,"column":3}},"loc":{"start":{"line":8,"column":11},"end":{"line":23,"column":3}},"line":8}},"branchMap":{},"s":{"0":7,"1":2},"f":{"0":7},"b":{},"_coverageSchema":"1a1c01bbd47fc00a2c39e90264f33305004495a9","hash":"94b0c319455cbf3fb6bdf9bd10f8cee844c43fb7"}
,"/Users/jasoncabral/Desktop/tasked-cognith/src/screens/AsteroidDetails/AsteroidContent.tsx": {"path":"/Users/jasoncabral/Desktop/tasked-cognith/src/screens/AsteroidDetails/AsteroidContent.tsx","statementMap":{"0":{"start":{"line":14,"column":4},"end":{"line":59,"column":6}},"1":{"start":{"line":32,"column":14},"end":{"line":40,"column":16}},"2":{"start":{"line":34,"column":18},"end":{"line":38,"column":19}},"3":{"start":{"line":35,"column":20},"end":{"line":35,"column":67}},"4":{"start":{"line":37,"column":20},"end":{"line":37,"column":54}},"5":{"start":{"line":52,"column":14},"end":{"line":52,"column":65}},"6":{"start":{"line":53,"column":14},"end":{"line":53,"column":47}}},"fnMap":{"0":{"name":"(anonymous_0)","decl":{"start":{"line":13,"column":2},"end":{"line":13,"column":3}},"loc":{"start":{"line":13,"column":11},"end":{"line":60,"column":3}},"line":13},"1":{"name":"(anonymous_1)","decl":{"start":{"line":31,"column":21},"end":{"line":31,"column":22}},"loc":{"start":{"line":31,"column":27},"end":{"line":41,"column":13}},"line":31},"2":{"name":"(anonymous_2)","decl":{"start":{"line":33,"column":16},"end":{"line":33,"column":17}},"loc":{"start":{"line":33,"column":29},"end":{"line":39,"column":17}},"line":33},"3":{"name":"(anonymous_3)","decl":{"start":{"line":51,"column":21},"end":{"line":51,"column":22}},"loc":{"start":{"line":51,"column":27},"end":{"line":54,"column":13}},"line":51}},"branchMap":{"0":{"loc":{"start":{"line":19,"column":29},"end":{"line":19,"column":84}},"type":"cond-expr","locations":[{"start":{"line":19,"column":45},"end":{"line":19,"column":80}},{"start":{"line":19,"column":83},"end":{"line":19,"column":84}}],"line":19},"1":{"loc":{"start":{"line":24,"column":9},"end":{"line":57,"column":9}},"type":"cond-expr","locations":[{"start":{"line":25,"column":10},"end":{"line":43,"column":17}},{"start":{"line":45,"column":10},"end":{"line":56,"column":17}}],"line":24},"2":{"loc":{"start":{"line":34,"column":18},"end":{"line":38,"column":19}},"type":"if","locations":[{"start":{"line":34,"column":18},"end":{"line":38,"column":19}},{"start":{"line":36,"column":25},"end":{"line":38,"column":19}}],"line":34}},"s":{"0":167,"1":3,"2":3,"3":2,"4":1,"5":2,"6":2},"f":{"0":167,"1":3,"2":3,"3":2},"b":{"0":[140,27],"1":[6,161],"2":[2,1]},"_coverageSchema":"1a1c01bbd47fc00a2c39e90264f33305004495a9","hash":"2a67b15e09530e56b9ca5d13499621f0db4857d8"}
,"/Users/jasoncabral/Desktop/tasked-cognith/src/screens/AsteroidDetails/EstimatedDiameter.tsx": {"path":"/Users/jasoncabral/Desktop/tasked-cognith/src/screens/AsteroidDetails/EstimatedDiameter.tsx","statementMap":{"0":{"start":{"line":10,"column":4},"end":{"line":124,"column":6}}},"fnMap":{"0":{"name":"(anonymous_0)","decl":{"start":{"line":9,"column":2},"end":{"line":9,"column":3}},"loc":{"start":{"line":9,"column":11},"end":{"line":125,"column":3}},"line":9}},"branchMap":{},"s":{"0":4},"f":{"0":4},"b":{},"_coverageSchema":"1a1c01bbd47fc00a2c39e90264f33305004495a9","hash":"13037710179d817fe7b776c455cf190fa89dee52"}
,"/Users/jasoncabral/Desktop/tasked-cognith/src/screens/AsteroidDetails/OrbitalData.tsx": {"path":"/Users/jasoncabral/Desktop/tasked-cognith/src/screens/AsteroidDetails/OrbitalData.tsx","statementMap":{"0":{"start":{"line":10,"column":4},"end":{"line":242,"column":6}}},"fnMap":{"0":{"name":"(anonymous_0)","decl":{"start":{"line":9,"column":2},"end":{"line":9,"column":3}},"loc":{"start":{"line":9,"column":11},"end":{"line":243,"column":3}},"line":9}},"branchMap":{},"s":{"0":4},"f":{"0":4},"b":{},"_coverageSchema":"1a1c01bbd47fc00a2c39e90264f33305004495a9","hash":"b36aaa0a55bb1a2eaeda667a2caf29b3bec3a7a5"}
,"/Users/jasoncabral/Desktop/tasked-cognith/src/screens/AsteroidDetails/index.tsx": {"path":"/Users/jasoncabral/Desktop/tasked-cognith/src/screens/AsteroidDetails/index.tsx","statementMap":{"0":{"start":{"line":23,"column":24},"end":{"line":23,"column":48}},"1":{"start":{"line":24,"column":24},"end":{"line":142,"column":1}},"2":{"start":{"line":25,"column":20},"end":{"line":25,"column":43}},"3":{"start":{"line":26,"column":21},"end":{"line":26,"column":36}},"4":{"start":{"line":27,"column":26},"end":{"line":27,"column":62}},"5":{"start":{"line":28,"column":36},"end":{"line":28,"column":51}},"6":{"start":{"line":29,"column":21},"end":{"line":29,"column":93}},"7":{"start":{"line":31,"column":20},"end":{"line":44,"column":3}},"8":{"start":{"line":32,"column":4},"end":{"line":32,"column":23}},"9":{"start":{"line":34,"column":4},"end":{"line":43,"column":5}},"10":{"start":{"line":35,"column":23},"end":{"line":35,"column":39}},"11":{"start":{"line":36,"column":23},"end":{"line":36,"column":44}},"12":{"start":{"line":37,"column":6},"end":{"line":37,"column":26}},"13":{"start":{"line":38,"column":6},"end":{"line":40,"column":7}},"14":{"start":{"line":39,"column":8},"end":{"line":39,"column":26}},"15":{"start":{"line":42,"column":6},"end":{"line":42,"column":26}},"16":{"start":{"line":46,"column":17},"end":{"line":48,"column":3}},"17":{"start":{"line":47,"column":4},"end":{"line":47,"column":24}},"18":{"start":{"line":49,"column":2},"end":{"line":51,"column":19}},"19":{"start":{"line":50,"column":4},"end":{"line":50,"column":26}},"20":{"start":{"line":53,"column":2},"end":{"line":55,"column":3}},"21":{"start":{"line":54,"column":4},"end":{"line":54,"column":22}},"22":{"start":{"line":56,"column":2},"end":{"line":141,"column":4}}},"fnMap":{"0":{"name":"(anonymous_0)","decl":{"start":{"line":24,"column":24},"end":{"line":24,"column":25}},"loc":{"start":{"line":24,"column":30},"end":{"line":142,"column":1}},"line":24},"1":{"name":"(anonymous_1)","decl":{"start":{"line":31,"column":20},"end":{"line":31,"column":21}},"loc":{"start":{"line":31,"column":48},"end":{"line":44,"column":3}},"line":31},"2":{"name":"(anonymous_2)","decl":{"start":{"line":46,"column":17},"end":{"line":46,"column":18}},"loc":{"start":{"line":46,"column":23},"end":{"line":48,"column":3}},"line":46},"3":{"name":"(anonymous_3)","decl":{"start":{"line":49,"column":12},"end":{"line":49,"column":13}},"loc":{"start":{"line":49,"column":18},"end":{"line":51,"column":3}},"line":49}},"branchMap":{"0":{"loc":{"start":{"line":25,"column":20},"end":{"line":25,"column":43}},"type":"binary-expr","locations":[{"start":{"line":25,"column":20},"end":{"line":25,"column":37}},{"start":{"line":25,"column":41},"end":{"line":25,"column":43}}],"line":25},"1":{"loc":{"start":{"line":38,"column":6},"end":{"line":40,"column":7}},"type":"if","locations":[{"start":{"line":38,"column":6},"end":{"line":40,"column":7}},{"start":{},"end":{}}],"line":38},"2":{"loc":{"start":{"line":53,"column":2},"end":{"line":55,"column":3}},"type":"if","locations":[{"start":{"line":53,"column":2},"end":{"line":55,"column":3}},{"start":{},"end":{}}],"line":53},"3":{"loc":{"start":{"line":56,"column":9},"end":{"line":141,"column":3}},"type":"cond-expr","locations":[{"start":{"line":57,"column":4},"end":{"line":117,"column":11}},{"start":{"line":119,"column":4},"end":{"line":140,"column":10}}],"line":56},"4":{"loc":{"start":{"line":96,"column":24},"end":{"line":96,"column":61}},"type":"cond-expr","locations":[{"start":{"line":96,"column":49},"end":{"line":96,"column":54}},{"start":{"line":96,"column":57},"end":{"line":96,"column":61}}],"line":96},"5":{"loc":{"start":{"line":100,"column":24},"end":{"line":100,"column":78}},"type":"cond-expr","locations":[{"start":{"line":100,"column":66},"end":{"line":100,"column":71}},{"start":{"line":100,"column":74},"end":{"line":100,"column":78}}],"line":100}},"s":{"0":1,"1":1,"2":15,"3":15,"4":15,"5":15,"6":15,"7":15,"8":4,"9":4,"10":4,"11":4,"12":4,"13":4,"14":3,"15":0,"16":15,"17":1,"18":15,"19":4,"20":15,"21":4,"22":11},"f":{"0":15,"1":4,"2":1,"3":4},"b":{"0":[15,0],"1":[3,1],"2":[4,11],"3":[3,8],"4":[0,3],"5":[0,3]},"_coverageSchema":"1a1c01bbd47fc00a2c39e90264f33305004495a9","hash":"294cd7c0b018270ebe380431a11661c3e11d9268"}
,"/Users/jasoncabral/Desktop/tasked-cognith/src/screens/FormInput/index.tsx": {"path":"/Users/jasoncabral/Desktop/tasked-cognith/src/screens/FormInput/index.tsx","statementMap":{"0":{"start":{"line":13,"column":18},"end":{"line":131,"column":1}},"1":{"start":{"line":14,"column":21},"end":{"line":14,"column":36}},"2":{"start":{"line":15,"column":36},"end":{"line":15,"column":51}},"3":{"start":{"line":17,"column":21},"end":{"line":19,"column":4}},"4":{"start":{"line":24,"column":6},"end":{"line":31,"column":4}},"5":{"start":{"line":32,"column":17},"end":{"line":36,"column":3}},"6":{"start":{"line":33,"column":4},"end":{"line":35,"column":7}},"7":{"start":{"line":37,"column":17},"end":{"line":53,"column":3}},"8":{"start":{"line":38,"column":19},"end":{"line":40,"column":8}},"9":{"start":{"line":39,"column":8},"end":{"line":39,"column":23}},"10":{"start":{"line":43,"column":26},"end":{"line":43,"column":65}},"11":{"start":{"line":46,"column":28},"end":{"line":46,"column":45}},"12":{"start":{"line":49,"column":6},"end":{"line":51,"column":9}},"13":{"start":{"line":54,"column":2},"end":{"line":130,"column":4}},"14":{"start":{"line":69,"column":16},"end":{"line":95,"column":18}},"15":{"start":{"line":82,"column":24},"end":{"line":82,"column":44}},"16":{"start":{"line":83,"column":24},"end":{"line":83,"column":33}},"17":{"start":{"line":86,"column":24},"end":{"line":86,"column":43}},"18":{"start":{"line":87,"column":24},"end":{"line":87,"column":38}},"19":{"start":{"line":135,"column":15},"end":{"line":177,"column":2}}},"fnMap":{"0":{"name":"(anonymous_0)","decl":{"start":{"line":13,"column":18},"end":{"line":13,"column":19}},"loc":{"start":{"line":13,"column":24},"end":{"line":131,"column":1}},"line":13},"1":{"name":"(anonymous_1)","decl":{"start":{"line":32,"column":17},"end":{"line":32,"column":18}},"loc":{"start":{"line":32,"column":32},"end":{"line":36,"column":3}},"line":32},"2":{"name":"(anonymous_2)","decl":{"start":{"line":37,"column":17},"end":{"line":37,"column":18}},"loc":{"start":{"line":37,"column":23},"end":{"line":53,"column":3}},"line":37},"3":{"name":"(anonymous_3)","decl":{"start":{"line":38,"column":64},"end":{"line":38,"column":65}},"loc":{"start":{"line":38,"column":72},"end":{"line":40,"column":7}},"line":38},"4":{"name":"(anonymous_4)","decl":{"start":{"line":65,"column":22},"end":{"line":65,"column":23}},"loc":{"start":{"line":68,"column":20},"end":{"line":96,"column":15}},"line":68},"5":{"name":"(anonymous_5)","decl":{"start":{"line":81,"column":30},"end":{"line":81,"column":31}},"loc":{"start":{"line":81,"column":36},"end":{"line":84,"column":23}},"line":81},"6":{"name":"(anonymous_6)","decl":{"start":{"line":85,"column":36},"end":{"line":85,"column":37}},"loc":{"start":{"line":85,"column":43},"end":{"line":88,"column":23}},"line":85}},"branchMap":{"0":{"loc":{"start":{"line":77,"column":37},"end":{"line":79,"column":49}},"type":"cond-expr","locations":[{"start":{"line":78,"column":28},"end":{"line":78,"column":42}},{"start":{"line":79,"column":28},"end":{"line":79,"column":49}}],"line":77},"1":{"loc":{"start":{"line":91,"column":21},"end":{"line":93,"column":28}},"type":"cond-expr","locations":[{"start":{"line":92,"column":22},"end":{"line":92,"column":73}},{"start":{"line":93,"column":24},"end":{"line":93,"column":28}}],"line":91},"2":{"loc":{"start":{"line":115,"column":15},"end":{"line":115,"column":51}},"type":"cond-expr","locations":[{"start":{"line":115,"column":30},"end":{"line":115,"column":42}},{"start":{"line":115,"column":45},"end":{"line":115,"column":51}}],"line":115}},"s":{"0":1,"1":10,"2":10,"3":10,"4":10,"5":10,"6":1,"7":10,"8":1,"9":20,"10":1,"11":1,"12":1,"13":10,"14":13,"15":0,"16":0,"17":1,"18":1,"19":1},"f":{"0":10,"1":1,"2":1,"3":20,"4":13,"5":0,"6":1},"b":{"0":[5,8],"1":[2,11],"2":[2,8]},"_coverageSchema":"1a1c01bbd47fc00a2c39e90264f33305004495a9","hash":"0179fafbfe55c33986c573d5bef0c8b492dd6541"}
}
