TN:
SF:src/component/Loader.tsx
FN:8,(anonymous_0)
FNF:1
FNH:1
FNDA:7,(anonymous_0)
DA:9,7
DA:28,2
LF:2
LH:2
BRF:0
BRH:0
end_of_record
TN:
SF:src/screens/AsteroidDetails/AsteroidContent.tsx
FN:13,(anonymous_0)
FN:31,(anonymous_1)
FN:33,(anonymous_2)
FN:51,(anonymous_3)
FNF:4
FNH:4
FNDA:167,(anonymous_0)
FNDA:3,(anonymous_1)
FNDA:3,(anonymous_2)
FNDA:2,(anonymous_3)
DA:14,167
DA:32,3
DA:34,3
DA:35,2
DA:37,1
DA:52,2
DA:53,2
LF:7
LH:7
BRDA:19,0,0,140
BRDA:19,0,1,27
BRDA:24,1,0,6
BRDA:24,1,1,161
BRDA:34,2,0,2
BRDA:34,2,1,1
BRF:6
BRH:6
end_of_record
TN:
SF:src/screens/AsteroidDetails/EstimatedDiameter.tsx
FN:9,(anonymous_0)
FNF:1
FNH:1
FNDA:4,(anonymous_0)
DA:10,4
LF:1
LH:1
BRF:0
BRH:0
end_of_record
TN:
SF:src/screens/AsteroidDetails/OrbitalData.tsx
FN:9,(anonymous_0)
FNF:1
FNH:1
FNDA:4,(anonymous_0)
DA:10,4
LF:1
LH:1
BRF:0
BRH:0
end_of_record
TN:
SF:src/screens/AsteroidDetails/index.tsx
FN:24,(anonymous_0)
FN:31,(anonymous_1)
FN:46,(anonymous_2)
FN:49,(anonymous_3)
FNF:4
FNH:4
FNDA:15,(anonymous_0)
FNDA:4,(anonymous_1)
FNDA:1,(anonymous_2)
FNDA:4,(anonymous_3)
DA:23,1
DA:24,1
DA:25,15
DA:26,15
DA:27,15
DA:28,15
DA:29,15
DA:31,15
DA:32,4
DA:34,4
DA:35,4
DA:36,4
DA:37,4
DA:38,4
DA:39,3
DA:42,0
DA:46,15
DA:47,1
DA:49,15
DA:50,4
DA:53,15
DA:54,4
DA:56,11
LF:23
LH:22
BRDA:25,0,0,15
BRDA:25,0,1,0
BRDA:38,1,0,3
BRDA:38,1,1,1
BRDA:53,2,0,4
BRDA:53,2,1,11
BRDA:56,3,0,3
BRDA:56,3,1,8
BRDA:96,4,0,0
BRDA:96,4,1,3
BRDA:100,5,0,0
BRDA:100,5,1,3
BRF:12
BRH:9
end_of_record
TN:
SF:src/screens/FormInput/index.tsx
FN:13,(anonymous_0)
FN:32,(anonymous_1)
FN:37,(anonymous_2)
FN:38,(anonymous_3)
FN:65,(anonymous_4)
FN:81,(anonymous_5)
FN:85,(anonymous_6)
FNF:7
FNH:6
FNDA:10,(anonymous_0)
FNDA:1,(anonymous_1)
FNDA:1,(anonymous_2)
FNDA:20,(anonymous_3)
FNDA:13,(anonymous_4)
FNDA:0,(anonymous_5)
FNDA:1,(anonymous_6)
DA:13,1
DA:14,10
DA:15,10
DA:17,10
DA:24,10
DA:32,10
DA:33,1
DA:37,10
DA:38,1
DA:39,20
DA:43,1
DA:46,1
DA:49,1
DA:54,10
DA:69,13
DA:82,0
DA:83,0
DA:86,1
DA:87,1
DA:135,1
LF:20
LH:18
BRDA:77,0,0,5
BRDA:77,0,1,8
BRDA:91,1,0,2
BRDA:91,1,1,11
BRDA:115,2,0,2
BRDA:115,2,1,8
BRF:6
BRH:6
end_of_record
